{"level":"info","time":"2026-04-14T10:58:56.007Z","pid":47710,"hostname":"ujwal-mint","component":"orchestrator","stage":"SYSTEM","agentStatus":"INITIALIZING","msg":"EquiliBot Agent starting..."}
{"level":"info","time":"2026-04-14T10:58:56.079Z","pid":47710,"hostname":"ujwal-mint","component":"signer","stage":"INIT","address":"0xDF7156E7B8DDf95d3C80604Dd64b1D24F8046888","mode":"local","msg":"Local signer initialized"}
{"level":"info","time":"2026-04-14T10:58:56.079Z","pid":47710,"hostname":"ujwal-mint","component":"orchestrator","stage":"INIT","chainId":97,"agent":"0xDF7156E7B8DDf95d3C80604Dd64b1D24F8046888","signerMode":"local","executionMode":"simulate","module":"0xe963752aD278ff5185e16C46bB75C6c8b87641D6","guard":"0xba6c8EEaDB62Dc0302bEBb3d80C0AEA459af2Dc1","safe":"0x19223058050D2C91E6e42158f0760340Fb3D41C3","msg":"Configuration loaded"}
{"level":"info","time":"2026-04-14T10:58:56.087Z","pid":47710,"hostname":"ujwal-mint","component":"orchestrator","stage":"INIT","msg":"Running pre-flight checks..."}
{"level":"info","time":"2026-04-14T10:58:59.462Z","pid":47710,"hostname":"ujwal-mint","component":"orchestrator","stage":"INIT","msg":"✅ All pre-flight checks passed"}
{"level":"info","time":"2026-04-14T10:59:00.129Z","pid":47710,"hostname":"ujwal-mint","component":"orchestrator","stage":"INIT","maxSlippageBps":300,"maxDeadlineDelay":"1800","cooldownSeconds":"3600","msg":"On-chain policy parameters loaded"}
{"level":"info","time":"2026-04-14T10:59:00.131Z","pid":47710,"hostname":"ujwal-mint","component":"audit-store","stage":"INIT","dataDir":"/home/ujwal/Desktop/coding/EquiliBot/data/audit","msg":"Audit store initialized"}
{"level":"info","time":"2026-04-14T10:59:00.621Z","pid":47710,"hostname":"ujwal-mint","component":"market-observer","stage":"INIT","pair":"WBNB-BUSD-500","poolAddress":"0xa0172eaa8aC038FaDC47129F8dFE9d20c3073Ea9","msg":"Resolved pool address for WBNB-BUSD-500"}
{"level":"info","time":"2026-04-14T10:59:00.785Z","pid":47710,"hostname":"ujwal-mint","component":"gas-service","stage":"INIT","gasPrice":"100000000","msg":"Gas service started"}
{"level":"info","time":"2026-04-14T10:59:00.788Z","pid":47710,"hostname":"ujwal-mint","component":"telemetry","stage":"INIT","port":9100,"bindAddress":"127.0.0.1","msg":"Telemetry server listening on 127.0.0.1:9100"}
{"level":"info","time":"2026-04-14T10:59:01.123Z","pid":47710,"hostname":"ujwal-mint","component":"market-observer","stage":"OBSERVE","poolAddress":"0xa0172eaa8aC038FaDC47129F8dFE9d20c3073Ea9","tick":116186,"sqrtPriceX96":"26406561099959149742931755019100","msg":"Fetched initial slot0"}
{"level":"info","time":"2026-04-14T10:59:01.126Z","pid":47710,"hostname":"ujwal-mint","component":"market-observer","stage":"OBSERVE","msg":"WebSocket client created"}
{"level":"info","time":"2026-04-14T10:59:01.128Z","pid":47710,"hostname":"ujwal-mint","component":"market-observer","stage":"OBSERVE","poolCount":1,"msg":"Market observer started, watching 1 pools"}
{"level":"info","time":"2026-04-14T10:59:01.128Z","pid":47710,"hostname":"ujwal-mint","component":"orchestrator","stage":"SYSTEM","agentStatus":"OBSERVING","msg":"EquiliBot Agent is live — mode=simulate, watching 1 pools"}
{"level":"info","time":"2026-04-14T10:59:02.624Z","pid":47710,"hostname":"ujwal-mint","component":"rebalance-detector","stage":"CALCULATE","pair":"WBNB-BUSD-500","direction":"BUY_B","deviationBps":33172,"dexPrice":"111087329554476377613935","oracleCrossRate":"25730945949985158986181","suggestedAmountIn":"10000000000000000","msg":"Rebalance opportunity detected: BUY_B (33172 bps deviation)"}
{"level":"info","time":"2026-04-14T10:59:02.791Z","pid":47710,"hostname":"ujwal-mint","component":"orchestrator","stage":"CALCULATE","pair":"WBNB-BUSD-500","reason":"Negative or zero gross profit","msg":"SKIP: not profitable"}
{"level":"warn","time":"2026-04-14T11:00:01.128Z","pid":47710,"hostname":"ujwal-mint","component":"market-observer","stage":"OBSERVE","poolAddress":"0xa0172eaa8aC038FaDC47129F8dFE9d20c3073Ea9","msg":"No events received for 60s, performing heartbeat slot0 poll"}
{"level":"info","time":"2026-04-14T11:00:01.915Z","pid":47710,"hostname":"ujwal-mint","component":"market-observer","stage":"OBSERVE","poolAddress":"0xa0172eaa8aC038FaDC47129F8dFE9d20c3073Ea9","tick":116186,"sqrtPriceX96":"26406561099959149742931755019100","msg":"Fetched initial slot0"}
{"level":"info","time":"2026-04-14T11:00:04.954Z","pid":47710,"hostname":"ujwal-mint","component":"rebalance-detector","stage":"CALCULATE","pair":"WBNB-BUSD-500","direction":"BUY_B","deviationBps":33172,"dexPrice":"111087329554476377613935","oracleCrossRate":"25730938549056317782134","suggestedAmountIn":"10000000000000000","msg":"Rebalance opportunity detected: BUY_B (33172 bps deviation)"}
{"level":"info","time":"2026-04-14T11:00:05.118Z","pid":47710,"hostname":"ujwal-mint","component":"orchestrator","stage":"CALCULATE","pair":"WBNB-BUSD-500","reason":"Negative or zero gross profit","msg":"SKIP: not profitable"}
{"level":"info","time":"2026-04-14T11:00:55.218Z","pid":47710,"hostname":"ujwal-mint","component":"orchestrator","stage":"SYSTEM","agentStatus":"PAUSED","msg":"Shutting down..."}
{"level":"info","time":"2026-04-14T11:00:55.219Z","pid":47710,"hostname":"ujwal-mint","component":"market-observer","stage":"SYSTEM","msg":"Market observer stopped"}
{"level":"info","time":"2026-04-14T11:00:55.220Z","pid":47710,"hostname":"ujwal-mint","component":"telemetry","stage":"SYSTEM","msg":"Telemetry server stopped"}
